This is pdfTeX, Version 3.1415926-2.5-1.40.14 (TeX Live 2013) (format=pdflatex 2013.5.30)  3 DEC 2014 22:16
entering extended mode
 restricted \write18 enabled.
 file:line:error style messages enabled.
 %&-line parsing enabled.
**StatsComp_LC_NPMLE_v2.tex
(./StatsComp_LC_NPMLE_v2.tex
LaTeX2e <2011/06/27>
Babel <3.9f> and hyphenation patterns for 78 languages loaded.

LaTeX Warning: File `example.eps' already exists on the system.
               Not generating it from this source.

(/usr/local/texlive/2013/texmf-dist/tex/latex/base/fix-cm.sty
Package: fix-cm 2006/09/13 v1.1m fixes to LaTeX

(/usr/local/texlive/2013/texmf-dist/tex/latex/base/ts1enc.def
File: ts1enc.def 2001/06/05 v3.0e (jk/car/fm) Standard LaTeX file
)) (./svjour3.cls
Document Class: svjour3 2007/05/08 v3.2 
LaTeX document class for Springer journals
(/usr/local/texlive/2013/texmf-dist/tex/latex/base/fleqn.clo
File: fleqn.clo 1998/08/17 v1.1c Standard LaTeX option (flush left equations)
\mathindent=\dimen102
)
Class Springer-SVJour3 Info: extra/valid Springer sub-package (-> *.clo) 
(Springer-SVJour3)           not found in option list of \documentclass
(Springer-SVJour3)           - autoactivating "global" style.
 (./svglov3.clo
File: svglov3.clo 2009/12/18 v3.2 style option for standardised journals

SVJour Class option: svglov3.clo for standardised journals
)
LaTeX Font Info:    Redeclaring math symbol \Gamma on input line 147.
LaTeX Font Info:    Redeclaring math symbol \Delta on input line 148.
LaTeX Font Info:    Redeclaring math symbol \Theta on input line 149.
LaTeX Font Info:    Redeclaring math symbol \Lambda on input line 150.
LaTeX Font Info:    Redeclaring math symbol \Xi on input line 151.
LaTeX Font Info:    Redeclaring math symbol \Pi on input line 152.
LaTeX Font Info:    Redeclaring math symbol \Sigma on input line 153.
LaTeX Font Info:    Redeclaring math symbol \Upsilon on input line 154.
LaTeX Font Info:    Redeclaring math symbol \Phi on input line 155.
LaTeX Font Info:    Redeclaring math symbol \Psi on input line 156.
LaTeX Font Info:    Redeclaring math symbol \Omega on input line 157.
\logodepth=\dimen103
\headerboxheight=\dimen104
\betweenumberspace=\dimen105
\aftertext=\dimen106
\headlineindent=\dimen107
\c@inst=\count79
\c@auth=\count80
\instindent=\dimen108
\authrun=\box26
\authorrunning=\toks14
\titrun=\box27
\titlerunning=\toks15
\combirun=\box28
\c@lastpage=\count81
\rubricwidth=\dimen109
\c@section=\count82
\c@subsection=\count83
\c@subsubsection=\count84
\c@paragraph=\count85
\c@subparagraph=\count86
\spthmsep=\dimen110
\c@theorem=\count87
\c@case=\count88
\c@conjecture=\count89
\c@corollary=\count90
\c@definition=\count91
\c@example=\count92
\c@exercise=\count93
\c@lemma=\count94
\c@note=\count95
\c@problem=\count96
\c@property=\count97
\c@proposition=\count98
\c@question=\count99
\c@solution=\count100
\c@remark=\count101
\c@figure=\count102
\c@table=\count103
\abovecaptionskip=\skip41
\belowcaptionskip=\skip42
\figcapgap=\dimen111
\tabcapgap=\dimen112
\figgap=\dimen113
\bibindent=\dimen114
\@tempcntc=\count104
) (/usr/local/texlive/2013/texmf-dist/tex/latex/graphics/graphicx.sty
Package: graphicx 1999/02/16 v1.0f Enhanced LaTeX Graphics (DPC,SPQR)

(/usr/local/texlive/2013/texmf-dist/tex/latex/graphics/keyval.sty
Package: keyval 1999/03/16 v1.13 key=value parser (DPC)
\KV@toks@=\toks16
)
(/usr/local/texlive/2013/texmf-dist/tex/latex/graphics/graphics.sty
Package: graphics 2009/02/05 v1.0o Standard LaTeX Graphics (DPC,SPQR)

(/usr/local/texlive/2013/texmf-dist/tex/latex/graphics/trig.sty
Package: trig 1999/03/16 v1.09 sin cos tan (DPC)
)
(/usr/local/texlive/2013/texmf-dist/tex/latex/latexconfig/graphics.cfg
File: graphics.cfg 2010/04/23 v1.9 graphics configuration of TeX Live
)
Package graphics Info: Driver file: pdftex.def on input line 91.

(/usr/local/texlive/2013/texmf-dist/tex/latex/pdftex-def/pdftex.def
File: pdftex.def 2011/05/27 v0.06d Graphics/color for pdfTeX

(/usr/local/texlive/2013/texmf-dist/tex/generic/oberdiek/infwarerr.sty
Package: infwarerr 2010/04/08 v1.3 Providing info/warning/error messages (HO)
)
(/usr/local/texlive/2013/texmf-dist/tex/generic/oberdiek/ltxcmds.sty
Package: ltxcmds 2011/11/09 v1.22 LaTeX kernel commands for general use (HO)
)
\Gread@gobject=\count105
))
\Gin@req@height=\dimen115
\Gin@req@width=\dimen116
)
(/usr/local/texlive/2013/texmf-dist/tex/latex/amsmath/amsmath.sty
Package: amsmath 2013/01/14 v2.14 AMS math features
\@mathmargin=\skip43

For additional information on amsmath, use the `?' option.
(/usr/local/texlive/2013/texmf-dist/tex/latex/amsmath/amstext.sty
Package: amstext 2000/06/29 v2.01

(/usr/local/texlive/2013/texmf-dist/tex/latex/amsmath/amsgen.sty
File: amsgen.sty 1999/11/30 v2.0
\@emptytoks=\toks17
\ex@=\dimen117
))
(/usr/local/texlive/2013/texmf-dist/tex/latex/amsmath/amsbsy.sty
Package: amsbsy 1999/11/29 v1.2d
\pmbraise@=\dimen118
)
(/usr/local/texlive/2013/texmf-dist/tex/latex/amsmath/amsopn.sty
Package: amsopn 1999/12/14 v2.01 operator names
)
\inf@bad=\count106
LaTeX Info: Redefining \frac on input line 210.
\uproot@=\count107
\leftroot@=\count108
LaTeX Info: Redefining \overline on input line 306.
\classnum@=\count109
\DOTSCASE@=\count110
LaTeX Info: Redefining \ldots on input line 378.
LaTeX Info: Redefining \dots on input line 381.
LaTeX Info: Redefining \cdots on input line 466.
\Mathstrutbox@=\box29
\strutbox@=\box30
\big@size=\dimen119
LaTeX Font Info:    Redeclaring font encoding OML on input line 566.
LaTeX Font Info:    Redeclaring font encoding OMS on input line 567.


Package amsmath Warning: Unable to redefine math accent \vec.

\macc@depth=\count111
\c@MaxMatrixCols=\count112
\dotsspace@=\muskip10
\c@parentequation=\count113
\dspbrk@lvl=\count114
\tag@help=\toks18
\row@=\count115
\column@=\count116
\maxfields@=\count117
\andhelp@=\toks19
\eqnshift@=\dimen120
\alignsep@=\dimen121
\tagshift@=\dimen122
\tagwidth@=\dimen123
\totwidth@=\dimen124
\lineht@=\dimen125
\@envbody=\toks20
\multlinegap=\skip44
\multlinetaggap=\skip45
\mathdisplay@stack=\toks21
LaTeX Info: Redefining \[ on input line 2665.
LaTeX Info: Redefining \] on input line 2666.
) (/usr/local/texlive/2013/texmf-dist/tex/latex/amsfonts/amssymb.sty
Package: amssymb 2013/01/14 v3.01 AMS font symbols

(/usr/local/texlive/2013/texmf-dist/tex/latex/amsfonts/amsfonts.sty
Package: amsfonts 2013/01/14 v3.01 Basic AMSFonts support
\symAMSa=\mathgroup4
\symAMSb=\mathgroup5
LaTeX Font Info:    Overwriting math alphabet `\mathfrak' in version `bold'
(Font)                  U/euf/m/n --> U/euf/b/n on input line 106.
))
(/usr/local/texlive/2013/texmf-dist/tex/latex/multirow/multirow.sty
\bigstrutjot=\dimen126
)
(/usr/local/texlive/2013/texmf-dist/tex/latex/float/float.sty
Package: float 2001/11/08 v1.3d Float enhancements (AL)
\c@float@type=\count118
\float@exts=\toks22
\float@box=\box31
\@float@everytoks=\toks23
\@floatcapt=\box32
)
\@float@every@table=\toks24
\c@thm=\count119

(./StatsComp_LC_NPMLE_v2.aux)
\openout1 = `StatsComp_LC_NPMLE_v2.aux'.

LaTeX Font Info:    Checking defaults for OML/cmm/m/it on input line 80.
LaTeX Font Info:    ... okay on input line 80.
LaTeX Font Info:    Checking defaults for T1/cmr/m/n on input line 80.
LaTeX Font Info:    ... okay on input line 80.
LaTeX Font Info:    Checking defaults for OT1/cmr/m/n on input line 80.
LaTeX Font Info:    ... okay on input line 80.
LaTeX Font Info:    Checking defaults for OMS/cmsy/m/n on input line 80.
LaTeX Font Info:    ... okay on input line 80.
LaTeX Font Info:    Checking defaults for OMX/cmex/m/n on input line 80.
LaTeX Font Info:    ... okay on input line 80.
LaTeX Font Info:    Checking defaults for U/cmr/m/n on input line 80.
LaTeX Font Info:    ... okay on input line 80.
LaTeX Font Info:    Checking defaults for TS1/cmr/m/n on input line 80.
LaTeX Font Info:    ... okay on input line 80.

Unknown journal: specify \journalname{<name of your journal>} in preambel

(/usr/local/texlive/2013/texmf-dist/tex/context/base/supp-pdf.mkii
[Loading MPS to PDF converter (version 2006.09.02).]
\scratchcounter=\count120
\scratchdimen=\dimen127
\scratchbox=\box33
\nofMPsegments=\count121
\nofMParguments=\count122
\everyMPshowfont=\toks25
\MPscratchCnt=\count123
\MPscratchDim=\dimen128
\MPnumerator=\count124
\makeMPintoPDFobject=\count125
\everyMPtoPDFconversion=\toks26
) (/usr/local/texlive/2013/texmf-dist/tex/generic/oberdiek/pdftexcmds.sty
Package: pdftexcmds 2011/11/29 v0.20 Utility functions of pdfTeX for LuaTeX (HO
)

(/usr/local/texlive/2013/texmf-dist/tex/generic/oberdiek/ifluatex.sty
Package: ifluatex 2010/03/01 v1.3 Provides the ifluatex switch (HO)
Package ifluatex Info: LuaTeX not detected.
)
(/usr/local/texlive/2013/texmf-dist/tex/generic/oberdiek/ifpdf.sty
Package: ifpdf 2011/01/30 v2.3 Provides the ifpdf switch (HO)
Package ifpdf Info: pdfTeX in PDF mode is detected.
)
Package pdftexcmds Info: LuaTeX not detected.
Package pdftexcmds Info: \pdf@primitive is available.
Package pdftexcmds Info: \pdf@ifprimitive is available.
Package pdftexcmds Info: \pdfdraftmode found.
)
(/usr/local/texlive/2013/texmf-dist/tex/latex/oberdiek/epstopdf-base.sty
Package: epstopdf-base 2010/02/09 v2.5 Base part for package epstopdf

(/usr/local/texlive/2013/texmf-dist/tex/latex/oberdiek/grfext.sty
Package: grfext 2010/08/19 v1.1 Manage graphics extensions (HO)

(/usr/local/texlive/2013/texmf-dist/tex/generic/oberdiek/kvdefinekeys.sty
Package: kvdefinekeys 2011/04/07 v1.3 Define keys (HO)
))
(/usr/local/texlive/2013/texmf-dist/tex/latex/oberdiek/kvoptions.sty
Package: kvoptions 2011/06/30 v3.11 Key value format for package options (HO)

(/usr/local/texlive/2013/texmf-dist/tex/generic/oberdiek/kvsetkeys.sty
Package: kvsetkeys 2012/04/25 v1.16 Key value parser (HO)

(/usr/local/texlive/2013/texmf-dist/tex/generic/oberdiek/etexcmds.sty
Package: etexcmds 2011/02/16 v1.5 Avoid name clashes with e-TeX commands (HO)
Package etexcmds Info: Could not find \expanded.
(etexcmds)             That can mean that you are not using pdfTeX 1.50 or
(etexcmds)             that some package has redefined \expanded.
(etexcmds)             In the latter case, load this package earlier.
)))
Package grfext Info: Graphics extension search list:
(grfext)             [.png,.pdf,.jpg,.mps,.jpeg,.jbig2,.jb2,.PNG,.PDF,.JPG,.JPE
G,.JBIG2,.JB2,.eps]
(grfext)             \AppendGraphicsExtensions on input line 452.

(/usr/local/texlive/2013/texmf-dist/tex/latex/latexconfig/epstopdf-sys.cfg
File: epstopdf-sys.cfg 2010/07/13 v1.3 Configuration of (r)epstopdf for TeX Liv
e
))
SVJour3 warning: Missing \journalname
LaTeX Font Info:    Try loading font information for U+msa on input line 111.
(/usr/local/texlive/2013/texmf-dist/tex/latex/amsfonts/umsa.fd
File: umsa.fd 2013/01/14 v3.01 AMS symbols A
)
LaTeX Font Info:    Try loading font information for U+msb on input line 111.

(/usr/local/texlive/2013/texmf-dist/tex/latex/amsfonts/umsb.fd
File: umsb.fd 2013/01/14 v3.01 AMS symbols B
)
LaTeX Font Info:    Calculating math sizes for size <8.5> on input line 111.

Underfull \hbox (badness 10000) in paragraph at lines 115--117

 []


Underfull \vbox (badness 10000) has occurred while \output is active []


Overfull \hbox (14.78622pt too wide) in paragraph at lines 129--130
[]\OT1/cmr/m/n/10 Alternatively, is-sues of the er-ratic na-ture of the NPMLE
 []

[1{/usr/local/texlive/2013/texmf-var/fonts/map/pdftex/updmap/pdftex.map}


]
Underfull \vbox (badness 2426) has occurred while \output is active []


Overfull \hbox (1.09169pt too wide) in paragraph at lines 144--145
[]\OT1/cmr/m/n/10 In this pa-per, we first pro-vide a the-o-rem which shows
 []


Overfull \hbox (5.64746pt too wide) in paragraph at lines 144--145
\OT1/cmr/m/n/10 cens took 1,613 sec-onds (fi-nal log like-li-hood = -5560.945).

 []


Underfull \hbox (badness 10000) in paragraph at lines 146--148

 []


Underfull \vbox (badness 2426) has occurred while \output is active []

 [2]
Underfull \hbox (badness 10000) in paragraph at lines 186--188

 []


Overfull \hbox (1.20174pt too wide) in paragraph at lines 197--198
[]\OT1/cmr/m/n/10 In the case of in-ter-val cen-sored data, the LC NPMLE
 []

<ContrbInt.pdf, id=19, 478.31747pt x 366.18698pt>
File: ContrbInt.pdf Graphic file (type pdf)
 <use ContrbInt.pdf>
Package pdftex.def Info: ContrbInt.pdf used on input line 208.
(pdftex.def)             Requested size: 227.62204pt x 174.25911pt.


LaTeX Warning: `h' float specifier changed to `ht'.

[3] <maxminpk.pdf, id=29, 612.40114pt x 443.64957pt>
File: maxminpk.pdf Graphic file (type pdf)
 <use maxminpk.pdf>
Package pdftex.def Info: maxminpk.pdf used on input line 236.
(pdftex.def)             Requested size: 256.0748pt x 185.51242pt.

[4 <./ContrbInt.pdf> <./maxminpk.pdf>]
Underfull \hbox (badness 10000) in paragraph at lines 266--268

 []


Overfull \hbox (4.62206pt too wide) detected at line 282
$\OML/cmm/m/it/10 ^^L[] \OT1/cmr/m/n/10 = []$ 
 []

<ActivePoint.pdf, id=217, 473.80504pt x 448.1309pt>
File: ActivePoint.pdf Graphic file (type pdf)
 <use ActivePoint.pdf>
Package pdftex.def Info: ActivePoint.pdf used on input line 286.
(pdftex.def)             Requested size: 227.62204pt x 215.285pt.

[5 <./ActivePoint.pdf>]
Overfull \hbox (3.78642pt too wide) in paragraph at lines 293--294
[]\OT1/cmr/m/n/10 In a slight abuse of no-ta-tion, let us also de-fine $\OML/cm
m/m/it/10 ^^A[] \OT1/cmr/m/n/10 =
 []


Underfull \hbox (badness 10000) in paragraph at lines 305--307

 []

LaTeX Font Info:    Try loading font information for OMS+cmr on input line 330.

(/usr/local/texlive/2013/texmf-dist/tex/latex/base/omscmr.fd
File: omscmr.fd 1999/05/25 v2.5h Standard LaTeX font definitions
)
LaTeX Font Info:    Font shape `OMS/cmr/m/n' in size <10> not available
(Font)              Font shape `OMS/cmsy/m/n' tried instead on input line 330.

Underfull \hbox (badness 10000) in paragraph at lines 380--382

 []

[6]
Underfull \hbox (badness 10000) in paragraph at lines 403--405

 []


Overfull \hbox (1.17511pt too wide) in paragraph at lines 416--417
[]\OT1/cmr/m/n/10 We use quadratic pro-gram-ming to min-i-mize the Tay-
 []

[7]
Underfull \hbox (badness 10000) in paragraph at lines 456--458

 []


Underfull \hbox (badness 10000) in paragraph at lines 461--463

 []


Underfull \vbox (badness 7203) has occurred while \output is active []

 [8]
Underfull \hbox (badness 10000) in paragraph at lines 469--471

 []


Overfull \hbox (1.25844pt too wide) in paragraph at lines 479--480
[]\OT1/cmr/m/n/10 The es-ti-mated cdf for the log con-cave NPMLE, along
 []

<ToothEmergence.pdf, id=379, 563.57922pt x 411.43182pt>
File: ToothEmergence.pdf Graphic file (type pdf)

<use ToothEmergence.pdf>
Package pdftex.def Info: ToothEmergence.pdf used on input line 484.
(pdftex.def)             Requested size: 256.0748pt x 186.94437pt.

Underfull \vbox (badness 10000) has occurred while \output is active []

 [9 <./ToothEmergence.pdf>] [10]
Underfull \hbox (badness 10000) in paragraph at lines 646--648

 []


Underfull \hbox (badness 10000) in paragraph at lines 656--658

 []


Underfull \vbox (badness 5970) has occurred while \output is active []

 [11]
Overfull \hbox (2.9109pt too wide) in paragraph at lines 682--732
 [] 
 []


Underfull \hbox (badness 10000) in paragraph at lines 792--793
[]\OT1/cmr/m/n/8.5 Gaspero, L. (2010), Quad-Prog++,
 []


Overfull \hbox (2.97345pt too wide) in paragraph at lines 792--793
\OT1/cmr/m/n/8.5 http://www.diegm.uniud.it/digaspero/index.php/software/ 
 []


Underfull \hbox (badness 10000) in paragraph at lines 824--825
[]\OT1/cmr/m/n/8.5 Kom^^Sarek, A., (2104) bayesSurv: Bayesian
 []


Underfull \hbox (badness 10000) in paragraph at lines 824--825
\OT1/cmr/m/n/8.5 Sur-vival Re-gres-sion with Flex-i-ble Er-ror and
 []


Underfull \hbox (badness 10000) in paragraph at lines 824--825
\OT1/cmr/m/n/8.5 Ran-dom Ef-fects Dis-tri-bu-tions, http://cran.r-
 []

[12]
Underfull \hbox (badness 10000) in paragraph at lines 848--849
[]\OT1/cmr/m/n/8.5 Maathuis, M., (2013), MLE-cens: Com-pu-ta-tion
 []


Underfull \hbox (badness 3646) in paragraph at lines 848--849
\OT1/cmr/m/n/8.5 of the MLE for bi-vari-ate (in-ter-val) cen-sored data,
 []


Underfull \hbox (badness 1342) in paragraph at lines 865--866
[]\OT1/cmr/m/n/8.5 Schuhmacher, D., Ru-fibach K., and D^^?uembgen, L.,
 []

LaTeX Font Info:    Font shape `OMS/cmr/m/n' in size <8.5> not available
(Font)              Font shape `OMS/cmsy/m/n' tried instead on input line 872.
[13]
Overfull \hbox (9.87576pt too wide) in paragraph at lines 928--929
[]\OT1/cmr/m/n/10 We note that for any choice of $\OML/cmm/m/it/10 ^^^\OT1/cmr/
m/n/10 (0)$, $[] []$
 []


Underfull \hbox (badness 10000) in paragraph at lines 934--936

 []

[14] [15

] (./StatsComp_LC_NPMLE_v2.aux) ) 
Here is how much of TeX's memory you used:
 3267 strings out of 493315
 45902 string characters out of 6137904
 123057 words of memory out of 5000000
 6659 multiletter control sequences out of 15000+600000
 15187 words of font info for 57 fonts, out of 8000000 for 9000
 957 hyphenation exceptions out of 8191
 38i,12n,33p,1947b,321s stack positions out of 5000i,500n,10000p,200000b,80000s
</usr/local/texlive/2013/texmf-dist/fonts/type
1/public/amsfonts/cm/cmbsy10.pfb></usr/local/texlive/2013/texmf-dist/fonts/type
1/public/amsfonts/cm/cmbx10.pfb></usr/local/texlive/2013/texmf-dist/fonts/type1
/public/amsfonts/cm/cmbx12.pfb></usr/local/texlive/2013/texmf-dist/fonts/type1/
public/amsfonts/cm/cmbx8.pfb></usr/local/texlive/2013/texmf-dist/fonts/type1/pu
blic/amsfonts/cm/cmex10.pfb></usr/local/texlive/2013/texmf-dist/fonts/type1/pub
lic/amsfonts/cmextra/cmex7.pfb></usr/local/texlive/2013/texmf-dist/fonts/type1/
public/amsfonts/cm/cmmi10.pfb></usr/local/texlive/2013/texmf-dist/fonts/type1/p
ublic/amsfonts/cm/cmmi5.pfb></usr/local/texlive/2013/texmf-dist/fonts/type1/pub
lic/amsfonts/cm/cmmi7.pfb></usr/local/texlive/2013/texmf-dist/fonts/type1/publi
c/amsfonts/cm/cmmi8.pfb></usr/local/texlive/2013/texmf-dist/fonts/type1/public/
amsfonts/cm/cmr10.pfb></usr/local/texlive/2013/texmf-dist/fonts/type1/public/am
sfonts/cm/cmr5.pfb></usr/local/texlive/2013/texmf-dist/fonts/type1/public/amsfo
nts/cm/cmr7.pfb></usr/local/texlive/2013/texmf-dist/fonts/type1/public/amsfonts
/cm/cmr8.pfb></usr/local/texlive/2013/texmf-dist/fonts/type1/public/amsfonts/cm
/cmsy10.pfb></usr/local/texlive/2013/texmf-dist/fonts/type1/public/amsfonts/cm/
cmsy5.pfb></usr/local/texlive/2013/texmf-dist/fonts/type1/public/amsfonts/cm/cm
sy7.pfb></usr/local/texlive/2013/texmf-dist/fonts/type1/public/amsfonts/cm/cmsy
8.pfb></usr/local/texlive/2013/texmf-dist/fonts/type1/public/amsfonts/cm/cmti10
.pfb></usr/local/texlive/2013/texmf-dist/fonts/type1/public/amsfonts/cm/cmti8.p
fb></usr/local/texlive/2013/texmf-dist/fonts/type1/public/amsfonts/cm/cmtt10.pf
b></usr/local/texlive/2013/texmf-dist/fonts/type1/public/amsfonts/symbols/msbm1
0.pfb>
Output written on StatsComp_LC_NPMLE_v2.pdf (15 pages, 728516 bytes).
PDF statistics:
 558 PDF objects out of 1000 (max. 8388607)
 426 compressed objects within 5 object streams
 0 named destinations out of 1000 (max. 500000)
 21 words of extra memory for PDF output out of 10000 (max. 10000000)

